<?xml version="1.0" encoding="UTF-8"?>
<!-- Generated by org.testng.reporters.JUnitReportReporter -->
<testsuite hostname="LAPTOP-SHILPA" failures="0" tests="1" name="testNG_Drchrono.TestNG_RegisterPage" time="22.791" errors="0" timestamp="2022-07-22T15:22:10 EDT" skipped="0">
  <testcase classname="testNG_Drchrono.TestNG_RegisterPage" name="f" time="22.791"/>
  <system-out>
    <![CDATA[Patient list is selected]]>
  </system-out>
</testsuite> <!-- testNG_Drchrono.TestNG_RegisterPage -->
